0 info it worked if it ends with ok
1 verbose cli [ 'node',
1 verbose cli   '/usr/local/bin/npm',
1 verbose cli   'install',
1 verbose cli   'phantomjs',
1 verbose cli   '--save-dev' ]
2 info using npm@1.4.14
3 info using node@v0.10.29
4 warn package.json living-reload@0.0.1 No description
5 warn package.json living-reload@0.0.1 No repository field.
6 warn package.json living-reload@0.0.1 No README data
7 verbose readDependencies using package.json deps
8 verbose cache add [ 'phantomjs', null ]
9 verbose cache add name=undefined spec="phantomjs" args=["phantomjs",null]
10 verbose parsed url { protocol: null,
10 verbose parsed url   slashes: null,
10 verbose parsed url   auth: null,
10 verbose parsed url   host: null,
10 verbose parsed url   port: null,
10 verbose parsed url   hostname: null,
10 verbose parsed url   hash: null,
10 verbose parsed url   search: null,
10 verbose parsed url   query: null,
10 verbose parsed url   pathname: 'phantomjs',
10 verbose parsed url   path: 'phantomjs',
10 verbose parsed url   href: 'phantomjs' }
11 silly lockFile 30d7cd7d-phantomjs phantomjs
12 verbose lock phantomjs /Users/liuzhe/.npm/30d7cd7d-phantomjs.lock
13 silly lockFile 30d7cd7d-phantomjs phantomjs
14 silly lockFile 30d7cd7d-phantomjs phantomjs
15 verbose addNamed [ 'phantomjs', '' ]
16 verbose addNamed [ null, '*' ]
17 silly lockFile 29cf7fd6-phantomjs phantomjs@
18 verbose lock phantomjs@ /Users/liuzhe/.npm/29cf7fd6-phantomjs.lock
19 silly addNameRange { name: 'phantomjs', range: '*', hasData: false }
20 verbose url raw phantomjs
21 verbose url resolving [ 'https://registry.npmjs.org/', './phantomjs' ]
22 verbose url resolved https://registry.npmjs.org/phantomjs
23 info trying registry request attempt 1 at 15:07:36
24 verbose etag "BO1VW19CJ6KZ49NGIC4U84A4N"
25 http GET https://registry.npmjs.org/phantomjs
26 http 200 https://registry.npmjs.org/phantomjs
27 silly registry.get cb [ 200,
27 silly registry.get   { date: 'Thu, 10 Jul 2014 07:07:09 GMT',
27 silly registry.get     server: 'CouchDB/1.5.0 (Erlang OTP/R16B03)',
27 silly registry.get     etag: '"582FIYJ1N6LNDXJYNZYHLF936"',
27 silly registry.get     'content-type': 'application/json',
27 silly registry.get     'cache-control': 'max-age=30',
27 silly registry.get     'content-length': '77003',
27 silly registry.get     'accept-ranges': 'bytes',
27 silly registry.get     via: '1.1 varnish',
27 silly registry.get     age: '172',
27 silly registry.get     'x-served-by': 'cache-ty66-TYO',
27 silly registry.get     'x-cache': 'HIT',
27 silly registry.get     'x-cache-hits': '3',
27 silly registry.get     'x-timer': 'S1404976029.440708,VS0,VE0',
27 silly registry.get     vary: 'Accept',
27 silly registry.get     'keep-alive': 'timeout=10, max=50',
27 silly registry.get     connection: 'Keep-Alive' } ]
28 silly addNameRange number 2 { name: 'phantomjs', range: '*', hasData: true }
29 silly addNameRange versions [ 'phantomjs',
29 silly addNameRange   [ '0.0.1',
29 silly addNameRange     '0.0.2',
29 silly addNameRange     '0.0.3',
29 silly addNameRange     '0.0.4',
29 silly addNameRange     '0.0.5',
29 silly addNameRange     '0.0.6',
29 silly addNameRange     '0.0.7',
29 silly addNameRange     '0.0.8',
29 silly addNameRange     '0.0.9',
29 silly addNameRange     '0.1.0',
29 silly addNameRange     '0.1.1',
29 silly addNameRange     '0.2.0',
29 silly addNameRange     '0.2.1',
29 silly addNameRange     '0.2.2',
29 silly addNameRange     '0.2.3',
29 silly addNameRange     '0.2.4',
29 silly addNameRange     '0.2.5',
29 silly addNameRange     '0.2.6',
29 silly addNameRange     '1.8.0-1',
29 silly addNameRange     '1.8.1-1',
29 silly addNameRange     '1.8.1-2',
29 silly addNameRange     '1.8.1-3',
29 silly addNameRange     '1.8.2-0',
29 silly addNameRange     '1.8.2-1',
29 silly addNameRange     '1.8.2-2',
29 silly addNameRange     '1.9.0-0',
29 silly addNameRange     '1.9.0-1',
29 silly addNameRange     '1.9.0-2',
29 silly addNameRange     '1.9.0-3',
29 silly addNameRange     '1.9.0-4',
29 silly addNameRange     '1.9.0-5',
29 silly addNameRange     '1.9.0-6',
29 silly addNameRange     '1.9.1-0',
29 silly addNameRange     '1.9.1-2',
29 silly addNameRange     '1.9.1-3',
29 silly addNameRange     '1.9.1-4',
29 silly addNameRange     '1.9.1-5',
29 silly addNameRange     '1.9.1-6',
29 silly addNameRange     '1.9.1-7',
29 silly addNameRange     '1.9.1-8',
29 silly addNameRange     '1.9.1-9',
29 silly addNameRange     '1.9.2-0',
29 silly addNameRange     '1.9.2-1',
29 silly addNameRange     '1.9.2-2',
29 silly addNameRange     '1.9.2-3',
29 silly addNameRange     '1.9.2-4',
29 silly addNameRange     '1.9.2-5',
29 silly addNameRange     '1.9.2-6',
29 silly addNameRange     '1.9.6-0',
29 silly addNameRange     '1.9.7-1',
29 silly addNameRange     '1.9.7-3',
29 silly addNameRange     '1.9.7-4',
29 silly addNameRange     '1.9.7-5',
29 silly addNameRange     '1.9.7-6',
29 silly addNameRange     '1.9.7-7',
29 silly addNameRange     '1.9.7-8',
29 silly addNameRange     '1.9.7-9',
29 silly addNameRange     '1.9.7-10',
29 silly addNameRange     '1.9.7-11',
29 silly addNameRange     '1.9.7-12',
29 silly addNameRange     '1.9.7-13',
29 silly addNameRange     '1.9.7-14' ] ]
30 verbose addNamed [ 'phantomjs', '1.9.7-14' ]
31 verbose addNamed [ '1.9.7-14', '1.9.7-14' ]
32 silly lockFile 3a4e706d-phantomjs-1-9-7-14 phantomjs@1.9.7-14
33 verbose lock phantomjs@1.9.7-14 /Users/liuzhe/.npm/3a4e706d-phantomjs-1-9-7-14.lock
34 silly lockFile 3dfe6269-phantomjs-phantomjs-1-9-7-14-tgz https://registry.npmjs.org/phantomjs/-/phantomjs-1.9.7-14.tgz
35 verbose lock https://registry.npmjs.org/phantomjs/-/phantomjs-1.9.7-14.tgz /Users/liuzhe/.npm/3dfe6269-phantomjs-phantomjs-1-9-7-14-tgz.lock
36 verbose addRemoteTarball [ 'https://registry.npmjs.org/phantomjs/-/phantomjs-1.9.7-14.tgz',
36 verbose addRemoteTarball   '7b7b8039fd3a66ece587b8b707065c575039faab' ]
37 info retry fetch attempt 1 at 15:07:42
38 verbose fetch to= /var/folders/w3/h9fn69x518b03fv0_nd4mwx00000gn/T/npm-7721-rySIIYmI/registry.npmjs.org/phantomjs/-/phantomjs-1.9.7-14.tgz
39 http GET https://registry.npmjs.org/phantomjs/-/phantomjs-1.9.7-14.tgz
40 http 200 https://registry.npmjs.org/phantomjs/-/phantomjs-1.9.7-14.tgz
41 silly lockFile 3dfe6269-phantomjs-phantomjs-1-9-7-14-tgz https://registry.npmjs.org/phantomjs/-/phantomjs-1.9.7-14.tgz
42 silly lockFile 3dfe6269-phantomjs-phantomjs-1-9-7-14-tgz https://registry.npmjs.org/phantomjs/-/phantomjs-1.9.7-14.tgz
43 silly lockFile 3a4e706d-phantomjs-1-9-7-14 phantomjs@1.9.7-14
44 silly lockFile 3a4e706d-phantomjs-1-9-7-14 phantomjs@1.9.7-14
45 silly lockFile 29cf7fd6-phantomjs phantomjs@
46 silly lockFile 29cf7fd6-phantomjs phantomjs@
47 error Error: EACCES, mkdir '/Users/liuzhe/.npm/phantomjs/1.9.7-14'
47 error  { [Error: EACCES, mkdir '/Users/liuzhe/.npm/phantomjs/1.9.7-14']
47 error   errno: 3,
47 error   code: 'EACCES',
47 error   path: '/Users/liuzhe/.npm/phantomjs/1.9.7-14',
47 error   parent: 'living-reload' }
48 error Please try running this command again as root/Administrator.
49 error System Darwin 13.1.0
50 error command "node" "/usr/local/bin/npm" "install" "phantomjs" "--save-dev"
51 error cwd /Users/liuzhe/qunar/www
52 error node -v v0.10.29
53 error npm -v 1.4.14
54 error path /Users/liuzhe/.npm/phantomjs/1.9.7-14
55 error code EACCES
56 error errno 3
57 error stack Error: EACCES, mkdir '/Users/liuzhe/.npm/phantomjs/1.9.7-14'
58 verbose exit [ 3, true ]
